make -f .copr/Makefile device-scanner-srpm outdir=.
make[1]: Entering directory `/root/integrated-manager-for-lustre'
mkdir -p /tmp/tmp.0Kx4hYYJW4/_topdir/{SOURCES,SPECS}
mkdir -p /tmp/tmp.0Kx4hYYJW4/release/iml-device-scanner
cd device-scanner; \
cargo build --release; \
cp {device-scanner-daemon,mount-emitter,zed-enhancer}/systemd-units/* \
	{zed-enhancer,uevent-listener}/udev-rules/* \
	target/release/device-scanner-daemon \
	target/release/{history_event,pool_create,pool_destroy,pool_export,pool_import,vdev_add}-scanner \
	target/release/mount-emitter \
	target/release/swap-emitter \
	target/release/uevent-listener \
	target/release/zed-enhancer \
	/tmp/tmp.0Kx4hYYJW4/release/iml-device-scanner
 Downloading crates ...
  Downloaded cc v1.0.61
  Downloaded memchr v2.3.3
  Downloaded libzfs v0.6.16
  Downloaded futures-util v0.3.6
  Downloaded mio v0.7.3
  Downloaded futures-task v0.3.6
  Downloaded tokio-macros v0.2.5
  Downloaded termcolor v1.1.0
  Downloaded serde_derive v1.0.117
  Downloaded proc-macro-hack v0.5.18
  Downloaded num-integer v0.1.43
  Downloaded thiserror v1.0.21
  Downloaded tracing-subscriber v0.2.13
  Downloaded tokio-macros v0.3.0
  Downloaded rustc-hash v1.1.0
  Downloaded num-traits v0.2.12
  Downloaded tracing v0.1.21
  Downloaded thiserror-impl v1.0.21
  Downloaded which v3.1.1
  Downloaded regex v1.4.1
  Downloaded arc-swap v0.4.7
  Downloaded serde v1.0.117
  Downloaded signal-hook-registry v1.2.1
  Downloaded regex-syntax v0.6.20
  Downloaded futures v0.3.6
  Downloaded futures-core v0.3.6
  Downloaded aho-corasick v0.7.14
  Downloaded net2 v0.2.35
  Downloaded syn v1.0.44
  Downloaded once_cell v1.4.1
  Downloaded smallvec v1.4.2
  Downloaded nvpair-sys v0.1.0
  Downloaded sharded-slab v0.0.9
  Downloaded libzfs-sys v0.5.11
  Downloaded cstr-argument v0.1.1
  Downloaded futures-executor v0.3.6
  Downloaded pin-project-lite v0.1.10
  Downloaded futures-channel v0.3.6
  Downloaded futures-macro v0.3.6
  Downloaded futures-io v0.3.6
  Downloaded futures-sink v0.3.6
  Downloaded serde_json v1.0.59
  Downloaded mio v0.6.22
  Downloaded tokio v0.3.0
  Downloaded tokio v0.2.22
  Downloaded libc v0.2.79
  Downloaded bindgen v0.51.1
   Compiling proc-macro2 v1.0.24
   Compiling libc v0.2.79
   Compiling unicode-xid v0.2.1
   Compiling syn v1.0.44
   Compiling cfg-if v0.1.10
   Compiling memchr v2.3.3
   Compiling serde_derive v1.0.117
   Compiling serde v1.0.117
   Compiling lazy_static v1.4.0
   Compiling log v0.4.11
   Compiling getrandom v0.1.15
   Compiling typenum v1.12.0
   Compiling pin-project-lite v0.1.10
   Compiling version_check v0.9.2
   Compiling ryu v1.0.5
   Compiling serde_json v1.0.59
   Compiling itoa v0.4.6
   Compiling autocfg v1.0.1
   Compiling slab v0.4.2
   Compiling pin-project-internal v0.4.27
   Compiling futures-core v0.3.6
   Compiling futures-sink v0.3.6
   Compiling proc-macro-nested v0.1.6
   Compiling byteorder v1.3.4
   Compiling glob v0.3.0
   Compiling regex-syntax v0.6.20
   Compiling arc-swap v0.4.7
   Compiling version_check v0.1.5
   Compiling cc v1.0.61
   Compiling proc-macro-hack v0.5.18
   Compiling once_cell v1.4.1
   Compiling futures-io v0.3.6
   Compiling bitflags v1.2.1
   Compiling pin-utils v0.1.0
   Compiling quick-error v1.2.3
   Compiling unicode-width v0.1.8
   Compiling ansi_term v0.11.0
   Compiling strsim v0.8.0
   Compiling termcolor v1.1.0
   Compiling ansi_term v0.12.1
   Compiling smallvec v1.4.2
   Compiling bindgen v0.51.1
   Compiling vec_map v0.8.2
   Compiling peeking_take_while v0.1.2
   Compiling rustc-hash v1.1.0
   Compiling shlex v0.1.1
   Compiling pkg-config v0.3.19
   Compiling nvpair-sys v0.1.0
   Compiling foreign-types-shared v0.1.1
   Compiling tracing-core v0.1.17
   Compiling thread_local v1.0.1
   Compiling sharded-slab v0.0.9
   Compiling im v15.0.0
   Compiling futures-channel v0.3.6
   Compiling num-traits v0.2.12
   Compiling num-integer v0.1.43
   Compiling nom v4.2.3
   Compiling clang-sys v0.28.1
   Compiling futures-task v0.3.6
   Compiling humantime v1.3.0
   Compiling textwrap v0.11.0
   Compiling libloading v0.5.2
   Compiling foreign-types v0.3.2
   Compiling aho-corasick v0.7.14
   Compiling cstr-argument v0.1.1
   Compiling tracing-log v0.1.1
   Compiling num_cpus v1.13.0
   Compiling signal-hook-registry v1.2.1
   Compiling time v0.1.44
   Compiling iovec v0.1.4
   Compiling net2 v0.2.35
   Compiling mio v0.7.3
   Compiling quote v1.0.7
   Compiling regex-automata v0.1.9
   Compiling atty v0.2.14
   Compiling which v3.1.1
   Compiling bitmaps v2.1.0
   Compiling rand_core v0.5.1
   Compiling regex v1.4.1
   Compiling mio v0.6.22
   Compiling clap v2.33.3
   Compiling matchers v0.0.1
   Compiling rand_xoshiro v0.4.0
   Compiling cexpr v0.3.6
   Compiling mio-uds v0.6.8
   Compiling env_logger v0.6.2
   Compiling sized-chunks v0.6.2
   Compiling chrono v0.4.19
   Compiling tracing-attributes v0.1.11
   Compiling futures-macro v0.3.6
   Compiling tokio-macros v0.2.5
   Compiling thiserror-impl v1.0.21
   Compiling tokio-macros v0.3.0
   Compiling tracing v0.1.21
   Compiling thiserror v1.0.21
   Compiling libzfs-sys v0.5.11
   Compiling pin-project v0.4.27
   Compiling futures-util v0.3.6
   Compiling futures-executor v0.3.6
   Compiling futures v0.3.6
   Compiling libzfs-types v0.1.2
   Compiling bytes v0.5.6
   Compiling tracing-serde v0.1.2
   Compiling tokio v0.2.22
   Compiling tokio v0.3.0
   Compiling libzfs v0.6.16
   Compiling tracing-subscriber v0.2.13
   Compiling device-types v0.3.0 (/root/integrated-manager-for-lustre/device-scanner/device-types)
   Compiling tokio-util v0.3.1
   Compiling device-scanner-zedlets v0.2.0 (/root/integrated-manager-for-lustre/device-scanner/device-scanner-zedlets)
   Compiling mount-emitter v0.2.0 (/root/integrated-manager-for-lustre/device-scanner/mount-emitter)
   Compiling zed-enhancer v0.2.0 (/root/integrated-manager-for-lustre/device-scanner/zed-enhancer)
   Compiling device-scanner-daemon v2.1.0 (/root/integrated-manager-for-lustre/device-scanner/device-scanner-daemon)
   Compiling uevent-listener v0.2.0 (/root/integrated-manager-for-lustre/device-scanner/uevent-listener)
    Finished release [optimized] target(s) in 2m 19s
tar -czvf /tmp/tmp.0Kx4hYYJW4/_topdir/SOURCES/iml-device-scanner.tar.gz -C /tmp/tmp.0Kx4hYYJW4/release/iml-device-scanner .
./
./00-device-scanner.preset
./block-device-populator.service
./device-scanner.service
./device-scanner.socket
./device-scanner.target
./mount-emitter.service
./mount-populator.service
./swap-emitter.service
./00-zed-enhancer.preset
./zed-enhancer.service
./zed-enhancer.socket
./zed-populator.service
./99-iml-zed-enhancer.rules
./99-iml-device-scanner.rules
./device-scanner-daemon
./history_event-scanner
./pool_create-scanner
./pool_destroy-scanner
./pool_export-scanner
./pool_import-scanner
./vdev_add-scanner
./mount-emitter
./swap-emitter
./uevent-listener
./zed-enhancer
cp device-scanner/iml-device-scanner.spec /tmp/tmp.0Kx4hYYJW4/_topdir/SPECS/
rpmbuild -bs -D "_topdir /tmp/tmp.0Kx4hYYJW4/_topdir" /tmp/tmp.0Kx4hYYJW4/_topdir/SPECS/iml-device-scanner.spec
Wrote: /tmp/tmp.0Kx4hYYJW4/_topdir/SRPMS/iml-device-scanner-5.1.0-1.el7.src.rpm
cp -rf /tmp/tmp.0Kx4hYYJW4/_topdir ./
cp -f /tmp/tmp.0Kx4hYYJW4/_topdir/SRPMS/*.rpm .
make[1]: Leaving directory `/root/integrated-manager-for-lustre'
rpmbuild --rebuild -D "_topdir /root/integrated-manager-for-lustre/_topdir" _topdir/SRPMS/iml-device-scanner-*.src.rpm
Installing _topdir/SRPMS/iml-device-scanner-5.1.0-1.el7.src.rpm
Executing(%prep): /bin/sh -e /var/tmp/rpm-tmp.16dPvp
+ umask 022
+ cd /root/integrated-manager-for-lustre/_topdir/BUILD
+ cd /root/integrated-manager-for-lustre/_topdir/BUILD
+ rm -rf iml-device-scanner-5.1.0
+ /usr/bin/mkdir -p iml-device-scanner-5.1.0
+ cd iml-device-scanner-5.1.0
+ /usr/bin/gzip -dc /root/integrated-manager-for-lustre/_topdir/SOURCES/iml-device-scanner.tar.gz
+ /usr/bin/tar -xvvf -
drwxr-xr-x root/root         0 2022-05-12 01:25 ./
-rw-r--r-- root/root        74 2022-05-12 01:25 ./00-device-scanner.preset
-rw-r--r-- root/root       215 2022-05-12 01:25 ./block-device-populator.service
-rw-r--r-- root/root       408 2022-05-12 01:25 ./device-scanner.service
-rw-r--r-- root/root       235 2022-05-12 01:25 ./device-scanner.socket
-rw-r--r-- root/root       408 2022-05-12 01:25 ./device-scanner.target
-rw-r--r-- root/root       460 2022-05-12 01:25 ./mount-emitter.service
-rw-r--r-- root/root       169 2022-05-12 01:25 ./mount-populator.service
-rw-r--r-- root/root       285 2022-05-12 01:25 ./swap-emitter.service
-rw-r--r-- root/root        50 2022-05-12 01:25 ./00-zed-enhancer.preset
-rw-r--r-- root/root       438 2022-05-12 01:25 ./zed-enhancer.service
-rw-r--r-- root/root       257 2022-05-12 01:25 ./zed-enhancer.socket
-rw-r--r-- root/root       300 2022-05-12 01:25 ./zed-populator.service
-rw-r--r-- root/root       123 2022-05-12 01:25 ./99-iml-zed-enhancer.rules
-rw-r--r-- root/root      1860 2022-05-12 01:25 ./99-iml-device-scanner.rules
-rwxr-xr-x root/root   7391728 2022-05-12 01:25 ./device-scanner-daemon
-rwxr-xr-x root/root   3774008 2022-05-12 01:25 ./history_event-scanner
-rwxr-xr-x root/root   3768688 2022-05-12 01:25 ./pool_create-scanner
-rwxr-xr-x root/root   3764400 2022-05-12 01:25 ./pool_destroy-scanner
-rwxr-xr-x root/root   3764496 2022-05-12 01:25 ./pool_export-scanner
-rwxr-xr-x root/root   3768688 2022-05-12 01:25 ./pool_import-scanner
-rwxr-xr-x root/root   3764472 2022-05-12 01:25 ./vdev_add-scanner
-rwxr-xr-x root/root   6567656 2022-05-12 01:25 ./mount-emitter
-rwxr-xr-x root/root   6629776 2022-05-12 01:25 ./swap-emitter
-rwxr-xr-x root/root   3895296 2022-05-12 01:25 ./uevent-listener
-rwxr-xr-x root/root   6837608 2022-05-12 01:25 ./zed-enhancer
+ STATUS=0
+ '[' 0 -ne 0 ']'
+ /usr/bin/chmod -Rf a+rX,u+w,g-w,o-w .
+ exit 0
Executing(%build): /bin/sh -e /var/tmp/rpm-tmp.N71lpl
+ umask 022
+ cd /root/integrated-manager-for-lustre/_topdir/BUILD
+ cd iml-device-scanner-5.1.0
+ exit 0
Executing(%install): /bin/sh -e /var/tmp/rpm-tmp.UOFOjh
+ umask 022
+ cd /root/integrated-manager-for-lustre/_topdir/BUILD
+ '[' /root/integrated-manager-for-lustre/_topdir/BUILDROOT/iml-device-scanner-5.1.0-1.el7.x86_64 '!=' / ']'
+ rm -rf /root/integrated-manager-for-lustre/_topdir/BUILDROOT/iml-device-scanner-5.1.0-1.el7.x86_64
++ dirname /root/integrated-manager-for-lustre/_topdir/BUILDROOT/iml-device-scanner-5.1.0-1.el7.x86_64
+ mkdir -p /root/integrated-manager-for-lustre/_topdir/BUILDROOT
+ mkdir /root/integrated-manager-for-lustre/_topdir/BUILDROOT/iml-device-scanner-5.1.0-1.el7.x86_64
+ cd iml-device-scanner-5.1.0
+ mkdir -p /root/integrated-manager-for-lustre/_topdir/BUILDROOT/iml-device-scanner-5.1.0-1.el7.x86_64/usr/bin
+ mkdir -p /root/integrated-manager-for-lustre/_topdir/BUILDROOT/iml-device-scanner-5.1.0-1.el7.x86_64/usr/lib/systemd/system
+ mkdir -p /root/integrated-manager-for-lustre/_topdir/BUILDROOT/iml-device-scanner-5.1.0-1.el7.x86_64/usr/lib/systemd/system-preset
+ mkdir -p /root/integrated-manager-for-lustre/_topdir/BUILDROOT/iml-device-scanner-5.1.0-1.el7.x86_64/etc/udev/rules.d
+ cp device-scanner.target device-scanner.socket device-scanner.service /root/integrated-manager-for-lustre/_topdir/BUILDROOT/iml-device-scanner-5.1.0-1.el7.x86_64/usr/lib/systemd/system
+ cp block-device-populator.service /root/integrated-manager-for-lustre/_topdir/BUILDROOT/iml-device-scanner-5.1.0-1.el7.x86_64/usr/lib/systemd/system
+ cp 00-device-scanner.preset /root/integrated-manager-for-lustre/_topdir/BUILDROOT/iml-device-scanner-5.1.0-1.el7.x86_64/usr/lib/systemd/system-preset
+ cp device-scanner-daemon /root/integrated-manager-for-lustre/_topdir/BUILDROOT/iml-device-scanner-5.1.0-1.el7.x86_64/usr/bin
+ cp 99-iml-device-scanner.rules /root/integrated-manager-for-lustre/_topdir/BUILDROOT/iml-device-scanner-5.1.0-1.el7.x86_64/etc/udev/rules.d
+ cp uevent-listener /root/integrated-manager-for-lustre/_topdir/BUILDROOT/iml-device-scanner-5.1.0-1.el7.x86_64/usr/bin
+ cp mount-emitter.service /root/integrated-manager-for-lustre/_topdir/BUILDROOT/iml-device-scanner-5.1.0-1.el7.x86_64/usr/lib/systemd/system
+ cp mount-populator.service /root/integrated-manager-for-lustre/_topdir/BUILDROOT/iml-device-scanner-5.1.0-1.el7.x86_64/usr/lib/systemd/system
+ cp swap-emitter.service /root/integrated-manager-for-lustre/_topdir/BUILDROOT/iml-device-scanner-5.1.0-1.el7.x86_64/usr/lib/systemd/system
+ cp mount-emitter /root/integrated-manager-for-lustre/_topdir/BUILDROOT/iml-device-scanner-5.1.0-1.el7.x86_64/usr/bin
+ cp swap-emitter /root/integrated-manager-for-lustre/_topdir/BUILDROOT/iml-device-scanner-5.1.0-1.el7.x86_64/usr/bin
+ mkdir -p /root/integrated-manager-for-lustre/_topdir/BUILDROOT/iml-device-scanner-5.1.0-1.el7.x86_64/usr/libexec/zfs/zed.d
+ cp pool_create-scanner /root/integrated-manager-for-lustre/_topdir/BUILDROOT/iml-device-scanner-5.1.0-1.el7.x86_64/usr/libexec/zfs/zed.d
+ cp pool_import-scanner /root/integrated-manager-for-lustre/_topdir/BUILDROOT/iml-device-scanner-5.1.0-1.el7.x86_64/usr/libexec/zfs/zed.d
+ cp vdev_add-scanner /root/integrated-manager-for-lustre/_topdir/BUILDROOT/iml-device-scanner-5.1.0-1.el7.x86_64/usr/libexec/zfs/zed.d
+ cp pool_destroy-scanner /root/integrated-manager-for-lustre/_topdir/BUILDROOT/iml-device-scanner-5.1.0-1.el7.x86_64/usr/libexec/zfs/zed.d
+ cp history_event-scanner /root/integrated-manager-for-lustre/_topdir/BUILDROOT/iml-device-scanner-5.1.0-1.el7.x86_64/usr/libexec/zfs/zed.d
+ cp pool_export-scanner /root/integrated-manager-for-lustre/_topdir/BUILDROOT/iml-device-scanner-5.1.0-1.el7.x86_64/usr/libexec/zfs/zed.d
+ mkdir -p /root/integrated-manager-for-lustre/_topdir/BUILDROOT/iml-device-scanner-5.1.0-1.el7.x86_64/etc/zfs/zed.d
+ ln -sf /usr/libexec/zfs/zed.d/pool_create-scanner /root/integrated-manager-for-lustre/_topdir/BUILDROOT/iml-device-scanner-5.1.0-1.el7.x86_64/etc/zfs/zed.d
+ ln -sf /usr/libexec/zfs/zed.d/pool_import-scanner /root/integrated-manager-for-lustre/_topdir/BUILDROOT/iml-device-scanner-5.1.0-1.el7.x86_64/etc/zfs/zed.d
+ ln -sf /usr/libexec/zfs/zed.d/vdev_add-scanner /root/integrated-manager-for-lustre/_topdir/BUILDROOT/iml-device-scanner-5.1.0-1.el7.x86_64/etc/zfs/zed.d
+ ln -sf /usr/libexec/zfs/zed.d/pool_destroy-scanner /root/integrated-manager-for-lustre/_topdir/BUILDROOT/iml-device-scanner-5.1.0-1.el7.x86_64/etc/zfs/zed.d
+ ln -sf /usr/libexec/zfs/zed.d/history_event-scanner /root/integrated-manager-for-lustre/_topdir/BUILDROOT/iml-device-scanner-5.1.0-1.el7.x86_64/etc/zfs/zed.d
+ ln -sf /usr/libexec/zfs/zed.d/pool_export-scanner /root/integrated-manager-for-lustre/_topdir/BUILDROOT/iml-device-scanner-5.1.0-1.el7.x86_64/etc/zfs/zed.d
+ cp zed-enhancer.service zed-enhancer.socket /root/integrated-manager-for-lustre/_topdir/BUILDROOT/iml-device-scanner-5.1.0-1.el7.x86_64/usr/lib/systemd/system
+ cp zed-populator.service /root/integrated-manager-for-lustre/_topdir/BUILDROOT/iml-device-scanner-5.1.0-1.el7.x86_64/usr/lib/systemd/system
+ cp 00-zed-enhancer.preset /root/integrated-manager-for-lustre/_topdir/BUILDROOT/iml-device-scanner-5.1.0-1.el7.x86_64/usr/lib/systemd/system-preset
+ cp zed-enhancer /root/integrated-manager-for-lustre/_topdir/BUILDROOT/iml-device-scanner-5.1.0-1.el7.x86_64/usr/bin
+ cp 99-iml-zed-enhancer.rules /root/integrated-manager-for-lustre/_topdir/BUILDROOT/iml-device-scanner-5.1.0-1.el7.x86_64/etc/udev/rules.d
+ /usr/lib/rpm/find-debuginfo.sh --strict-build-id -m --run-dwz --dwz-low-mem-die-limit 10000000 --dwz-max-die-limit 110000000 /root/integrated-manager-for-lustre/_topdir/BUILD/iml-device-scanner-5.1.0
extracting debug info from /root/integrated-manager-for-lustre/_topdir/BUILDROOT/iml-device-scanner-5.1.0-1.el7.x86_64/usr/bin/device-scanner-daemon
extracting debug info from /root/integrated-manager-for-lustre/_topdir/BUILDROOT/iml-device-scanner-5.1.0-1.el7.x86_64/usr/bin/uevent-listener
extracting debug info from /root/integrated-manager-for-lustre/_topdir/BUILDROOT/iml-device-scanner-5.1.0-1.el7.x86_64/usr/bin/mount-emitter
extracting debug info from /root/integrated-manager-for-lustre/_topdir/BUILDROOT/iml-device-scanner-5.1.0-1.el7.x86_64/usr/bin/swap-emitter
extracting debug info from /root/integrated-manager-for-lustre/_topdir/BUILDROOT/iml-device-scanner-5.1.0-1.el7.x86_64/usr/bin/zed-enhancer
extracting debug info from /root/integrated-manager-for-lustre/_topdir/BUILDROOT/iml-device-scanner-5.1.0-1.el7.x86_64/usr/libexec/zfs/zed.d/pool_create-scanner
extracting debug info from /root/integrated-manager-for-lustre/_topdir/BUILDROOT/iml-device-scanner-5.1.0-1.el7.x86_64/usr/libexec/zfs/zed.d/pool_import-scanner
extracting debug info from /root/integrated-manager-for-lustre/_topdir/BUILDROOT/iml-device-scanner-5.1.0-1.el7.x86_64/usr/libexec/zfs/zed.d/vdev_add-scanner
extracting debug info from /root/integrated-manager-for-lustre/_topdir/BUILDROOT/iml-device-scanner-5.1.0-1.el7.x86_64/usr/libexec/zfs/zed.d/pool_destroy-scanner
extracting debug info from /root/integrated-manager-for-lustre/_topdir/BUILDROOT/iml-device-scanner-5.1.0-1.el7.x86_64/usr/libexec/zfs/zed.d/history_event-scanner
extracting debug info from /root/integrated-manager-for-lustre/_topdir/BUILDROOT/iml-device-scanner-5.1.0-1.el7.x86_64/usr/libexec/zfs/zed.d/pool_export-scanner
/usr/lib/rpm/sepdebugcrcfix: Updated 11 CRC32s, 0 CRC32s did match.
symlinked /usr/lib/debug/usr/libexec/zfs/zed.d/pool_create-scanner.debug to /usr/lib/debug/etc/zfs/zed.d/pool_create-scanner.debug
symlinked /usr/lib/debug/usr/libexec/zfs/zed.d/pool_import-scanner.debug to /usr/lib/debug/etc/zfs/zed.d/pool_import-scanner.debug
symlinked /usr/lib/debug/usr/libexec/zfs/zed.d/vdev_add-scanner.debug to /usr/lib/debug/etc/zfs/zed.d/vdev_add-scanner.debug
symlinked /usr/lib/debug/usr/libexec/zfs/zed.d/pool_destroy-scanner.debug to /usr/lib/debug/etc/zfs/zed.d/pool_destroy-scanner.debug
symlinked /usr/lib/debug/usr/libexec/zfs/zed.d/history_event-scanner.debug to /usr/lib/debug/etc/zfs/zed.d/history_event-scanner.debug
symlinked /usr/lib/debug/usr/libexec/zfs/zed.d/pool_export-scanner.debug to /usr/lib/debug/etc/zfs/zed.d/pool_export-scanner.debug
+ /usr/lib/rpm/check-buildroot
+ /usr/lib/rpm/redhat/brp-compress
+ /usr/lib/rpm/redhat/brp-strip-static-archive /usr/bin/strip
+ /usr/lib/rpm/brp-python-bytecompile /usr/bin/python 1
+ /usr/lib/rpm/redhat/brp-python-hardlink
+ /usr/lib/rpm/redhat/brp-java-repack-jars
Processing files: iml-device-scanner-5.1.0-1.el7.x86_64
Provides: iml-device-scanner = 5.1.0-1.el7 iml-device-scanner(x86-64) = 5.1.0-1.el7
Requires(interp): /bin/sh /bin/sh /bin/sh
Requires(rpmlib): rpmlib(FileDigests) <= 4.6.0-1 rpmlib(PayloadFilesHavePrefix) <= 4.0-1 rpmlib(CompressedFileNames) <= 3.0.4-1
Requires(post): systemd /bin/sh
Requires(preun): systemd /bin/sh
Requires(postun): systemd /bin/sh
Processing files: iml-device-scanner-debuginfo-5.1.0-1.el7.x86_64
Provides: iml-device-scanner-debuginfo = 5.1.0-1.el7 iml-device-scanner-debuginfo(x86-64) = 5.1.0-1.el7
Requires(rpmlib): rpmlib(FileDigests) <= 4.6.0-1 rpmlib(PayloadFilesHavePrefix) <= 4.0-1 rpmlib(CompressedFileNames) <= 3.0.4-1
Checking for unpackaged file(s): /usr/lib/rpm/check-files /root/integrated-manager-for-lustre/_topdir/BUILDROOT/iml-device-scanner-5.1.0-1.el7.x86_64
Wrote: /root/integrated-manager-for-lustre/_topdir/RPMS/x86_64/iml-device-scanner-5.1.0-1.el7.x86_64.rpm
Wrote: /root/integrated-manager-for-lustre/_topdir/RPMS/x86_64/iml-device-scanner-debuginfo-5.1.0-1.el7.x86_64.rpm
Executing(%clean): /bin/sh -e /var/tmp/rpm-tmp.w8Ft2D
+ umask 022
+ cd /root/integrated-manager-for-lustre/_topdir/BUILD
+ cd iml-device-scanner-5.1.0
+ /usr/bin/rm -rf /root/integrated-manager-for-lustre/_topdir/BUILDROOT/iml-device-scanner-5.1.0-1.el7.x86_64
+ exit 0
Executing(--clean): /bin/sh -e /var/tmp/rpm-tmp.SHvoSE
+ umask 022
+ cd /root/integrated-manager-for-lustre/_topdir/BUILD
+ rm -rf iml-device-scanner-5.1.0
+ exit 0
